<?xml version="1.0" encoding="UTF-8"?>
<testsuite xmlns:xsi="http://www.w3.org/2001/XMLSchema-instance" xsi:noNamespaceSchemaLocation="https://maven.apache.org/surefire/maven-surefire-plugin/xsd/surefire-test-report-3.0.xsd" version="3.0" name="cucumber.Options.TestRunner" time="13.844" tests="1" errors="0" skipped="0" failures="0">
  <properties>
[...]
</properties>
  <testcase name="Verify if DeletePlaceAPI functionality is working" classname="Validating Place API" time="12.933">
    <system-out><![CDATA[APIName=>maps/api/place/add/json
APIName=>maps/api/place/get/json
{
    "location": {
        "latitude": "-38.383494",
        "longitude": "33.427362"
    },
    "accuracy": "50",
    "name": "Shetty",
    "phone_number": "(+91) 983 893 3937",
    "address": "Asia",
    "types": "shoe park,shop",
    "website": "",
    "language": "French-IN"
}
APIName=>maps/api/place/delete/json
]]></system-out>
  </testcase>
</testsuite>